<?xml version="1.0" encoding="UTF-8"?>
<!-- Generated by org.testng.reporters.JUnitReportReporter -->
<testsuite skipped="0" hostname="DS-PG020YBA" name="sample.APITesting" tests="1" failures="0" timestamp="02 Feb 2022 11:31:39 GMT" time="1.240" errors="0">
  <testcase name="get_method" time="1.240" classname="sample.APITesting"/>
</testsuite> <!-- sample.APITesting -->
